> Task :gradle-plugin:compileKotlin UP-TO-DATE
> Task :gradle-plugin:compileJava NO-SOURCE
> Task :gradle-plugin:pluginDescriptors UP-TO-DATE
> Task :gradle-plugin:processResources UP-TO-DATE
> Task :gradle-plugin:classes UP-TO-DATE
> Task :gradle-plugin:jar UP-TO-DATE
> Task :gradle-plugin:inspectClassesForKotlinIC UP-TO-DATE
> Task :expo-dev-launcher-gradle-plugin:compileKotlin UP-TO-DATE
> Task :expo-dev-launcher-gradle-plugin:compileJava NO-SOURCE
> Task :expo-dev-launcher-gradle-plugin:pluginDescriptors UP-TO-DATE
> Task :expo-dev-launcher-gradle-plugin:processResources UP-TO-DATE
> Task :expo-dev-launcher-gradle-plugin:classes UP-TO-DATE
> Task :expo-dev-launcher-gradle-plugin:jar UP-TO-DATE
> Task :expo-dev-launcher-gradle-plugin:inspectClassesForKotlinIC UP-TO-DATE

> Configure project :app
 ??  [33mApplying gradle plugin[0m '[32mexpo-dev-launcher-gradle-plugin[0m' (expo-dev-launcher@3.6.10)
.\\gradlew.bat : 
At line:1 char:1
+ .\\gradlew.bat assembleRelease 2>&1 | Out-File 
-FilePath build-log.tx ...
+ ~~~~~~~~~~~~~~~~~~~~~~~~~~~~~~~~~~~
    + CategoryInfo          : NotSpecified: 
(:String) [], RemoteException
    + FullyQualifiedErrorId : NativeCommandError
 
FAILURE: Build completed with 2 failures.

1: Task failed with an exception.
-----------
* Where:
Build file 'C:\Users\Work3\Desktop\Onvitv\OnviTV-Reac
tNative\node_modules\expo-av\android\build.gradle' 
line: 5

* What went wrong:
Plugin [id: 'expo-module-gradle-plugin'] was not 
found in any of the following sources:

- Gradle Core Plugins (not a core plugin. For more 
available plugins, please refer to https://docs.gradl
e.org/8.3/userguide/plugin_reference.html in the 
Gradle documentation.)
- Included Builds (None of the included builds 
contain this plugin)
- Plugin Repositories (plugin dependency must 
include a version number for this source)

* Try:
> Run with --stacktrace option to get the stack 
trace.
> Run with --info or --debug option to get more log 
output.
> Run with --scan to get full insights.
> Get more help at https://help.gradle.org.
=====================================================
=========================

2: Task failed with an exception.
-----------
* Where:
Script 'C:\Users\Work3\Desktop\Onvitv\OnviTV-ReactNat
ive\node_modules\expo-modules-core\android\ExpoModule
sCorePlugin.gradle' line: 84

* What went wrong:
A problem occurred configuring project ':expo'.
> Could not get unknown property 'release' for 
SoftwareComponent container of type org.gradle.api.in
ternal.component.DefaultSoftwareComponentContainer.

* Try:
> Run with --stacktrace option to get the stack 
trace.
> Run with --info or --debug option to get more log 
output.
> Run with --scan to get full insights.
> Get more help at https://help.gradle.org.
=====================================================
=========================

BUILD FAILED in 2m 14s
10 actionable tasks: 10 up-to-date
